<?xml version="1.0" encoding="UTF-8"?>
<!-- Generated by org.testng.reporters.JUnitReportReporter -->
<testsuite hostname="LAPTOP-PPUC8LJE" failures="0" tests="1" name="automationexercise.TestCase2" time="15.098" errors="0" timestamp="2024-02-19T16:37:40 IST" skipped="0">
  <testcase classname="automationexercise.TestCase2" name="testCase2" time="15.098"/>
  <system-out/>
</testsuite> <!-- automationexercise.TestCase2 -->
