<?xml version="1.0" encoding="UTF-8"?>
<!-- Generated by org.testng.reporters.JUnitReportReporter -->
<testsuite hostname="LAPTOP-PPUC8LJE" failures="0" tests="1" name="cogmento.CreateDeal" time="11.540" errors="0" timestamp="2024-02-23T14:58:57 IST" skipped="0">
  <testcase classname="cogmento.CreateDeal" name="createDealText" time="11.540"/>
  <system-out/>
</testsuite> <!-- cogmento.CreateDeal -->
