<?xml version="1.0" encoding="UTF-8"?>
<!-- Generated by org.testng.reporters.JUnitReportReporter -->
<testsuite hostname="LAPTOP-PPUC8LJE" failures="0" tests="1" name="cogmento.CreateTask" time="10.314" errors="0" timestamp="2024-02-23T15:17:59 IST" skipped="0">
  <testcase classname="cogmento.CreateTask" name="createTaskTest" time="10.314"/>
  <system-out/>
</testsuite> <!-- cogmento.CreateTask -->
