<?xml version="1.0" encoding="UTF-8"?>
<!-- Generated by org.testng.reporters.JUnitReportReporter -->
<testsuite hostname="LAPTOP-PPUC8LJE" failures="0" tests="1" name="cogmento.CreateContact" time="28.490" errors="0" timestamp="2024-02-23T12:41:10 IST" skipped="0">
  <testcase classname="cogmento.CreateContact" name="contactCreation" time="28.490"/>
  <system-out/>
</testsuite> <!-- cogmento.CreateContact -->
