<?xml version="1.0" encoding="UTF-8"?>
<!-- Generated by org.testng.reporters.JUnitReportReporter -->
<testsuite hostname="LAPTOP-PPUC8LJE" failures="0" tests="1" name="cogmento.Smoke" time="17.344" errors="0" timestamp="2024-02-21T16:22:33 IST" skipped="0">
  <testcase classname="cogmento.Smoke" name="test" time="17.344"/>
  <system-out/>
</testsuite> <!-- cogmento.Smoke -->
