<?xml version="1.0" encoding="UTF-8"?>
<!-- Generated by org.testng.reporters.JUnitReportReporter -->
<testsuite hostname="LAPTOP-PPUC8LJE" failures="0" tests="1" name="automationexercise.TestCase4" time="16.760" errors="0" timestamp="2024-02-19T16:59:47 IST" skipped="0">
  <testcase classname="automationexercise.TestCase4" name="testCase4" time="16.760"/>
  <system-out/>
</testsuite> <!-- automationexercise.TestCase4 -->
