<?xml version="1.0" encoding="UTF-8"?>
<!-- Generated by org.testng.reporters.JUnitReportReporter -->
<testsuite hostname="LAPTOP-PPUC8LJE" failures="0" tests="1" name="automationexercise.LogoutUserTest" time="16.428" errors="0" timestamp="2024-02-19T17:07:01 IST" skipped="0">
  <testcase classname="automationexercise.LogoutUserTest" name="testCase4" time="16.428"/>
  <system-out/>
</testsuite> <!-- automationexercise.LogoutUserTest -->
