<?xml version="1.0" encoding="UTF-8"?>
<!-- Generated by org.testng.reporters.JUnitReportReporter -->
<testsuite hostname="LAPTOP-PPUC8LJE" failures="0" tests="1" name="cogmento.CreateContact" time="16.583" errors="0" timestamp="2024-02-22T20:22:34 IST" skipped="0">
  <testcase classname="cogmento.CreateContact" name="contactCreation" time="16.583"/>
  <system-out/>
</testsuite> <!-- cogmento.CreateContact -->
