<?xml version="1.0" encoding="UTF-8"?>
<!-- Generated by org.testng.reporters.JUnitReportReporter -->
<testsuite hostname="LAPTOP-PPUC8LJE" failures="0" tests="1" name="automationexercise.RegisterUserWithExistingEmail" time="11.747" errors="0" timestamp="2024-02-19T17:13:37 IST" skipped="0">
  <testcase classname="automationexercise.RegisterUserWithExistingEmail" name="registerUserWithExistingEmail" time="11.747"/>
  <system-out/>
</testsuite> <!-- automationexercise.RegisterUserWithExistingEmail -->
