<?xml version="1.0" encoding="UTF-8"?>
<!-- Generated by org.testng.reporters.JUnitReportReporter -->
<testsuite hostname="LAPTOP-PPUC8LJE" failures="0" tests="1" name="automationexercise.LoginUserWithIncorrectEmailandPasswordText" time="11.729" errors="0" timestamp="2024-02-19T17:05:50 IST" skipped="0">
  <testcase classname="automationexercise.LoginUserWithIncorrectEmailandPasswordText" name="testCase3" time="11.729"/>
  <system-out/>
</testsuite> <!-- automationexercise.LoginUserWithIncorrectEmailandPasswordText -->
